2025-09-04 15:58:08 [restartedMain] INFO  : Starting LogApplication using Java 17.0.16 with PID 29728 (C:\Users\1515\Downloads\Log\Log\target\classes started by 1515 in C:\Users\1515\Downloads\Log\Log)
2025-09-04 15:58:08 [restartedMain] INFO  : No active profile set, falling back to 1 default profile: "default"
2025-09-04 15:58:08 [restartedMain] INFO  : Devtools property defaults active! Set 'spring.devtools.add-properties' to 'false' to disable
2025-09-04 15:58:08 [restartedMain] INFO  : For additional web related logging consider setting the 'logging.level.web' property to 'DEBUG'
2025-09-04 15:58:09 [restartedMain] INFO  : Tomcat initialized with port 7778 (http)
2025-09-04 15:58:09 [restartedMain] INFO  : Initializing ProtocolHandler ["http-nio-7778"]
2025-09-04 15:58:09 [restartedMain] INFO  : Starting service [Tomcat]
2025-09-04 15:58:09 [restartedMain] INFO  : Starting Servlet engine: [Apache Tomcat/10.1.44]
2025-09-04 15:58:09 [restartedMain] INFO  : Initializing Spring embedded WebApplicationContext
2025-09-04 15:58:09 [restartedMain] INFO  : Root WebApplicationContext: initialization completed in 1412 ms
2025-09-04 15:58:10 [restartedMain] INFO  : Supporting [WS-Addressing August 2004, WS-Addressing 1.0]
2025-09-04 15:58:10 [restartedMain] WARN  : Unable to start LiveReload server
2025-09-04 15:58:10 [restartedMain] INFO  : Starting ProtocolHandler ["http-nio-7778"]
2025-09-04 15:58:10 [restartedMain] INFO  : Tomcat started on port 7778 (http) with context path '/'
2025-09-04 15:58:10 [restartedMain] INFO  : Started LogApplication in 2.601 seconds (process running for 3.073)
2025-09-04 15:58:15 [http-nio-7778-exec-1] INFO  : Initializing Spring DispatcherServlet 'dispatcherServlet'
2025-09-04 15:58:15 [http-nio-7778-exec-1] INFO  : Initializing Servlet 'dispatcherServlet'
2025-09-04 15:58:15 [http-nio-7778-exec-1] INFO  : Completed initialization in 1 ms
2025-09-04 15:58:15 [http-nio-7778-exec-1] WARN  : From Warn
2025-09-04 15:58:15 [http-nio-7778-exec-1] INFO  : From info
2025-09-04 15:58:15 [http-nio-7778-exec-1] ERROR : From error
2025-09-04 15:58:38 [http-nio-7778-exec-4] WARN  : From Warn
2025-09-04 15:58:38 [http-nio-7778-exec-4] INFO  : From info
2025-09-04 15:58:38 [http-nio-7778-exec-4] ERROR : From error
2025-09-04 16:07:12 [SpringApplicationShutdownHook] INFO  : Commencing graceful shutdown. Waiting for active requests to complete
2025-09-04 16:07:12 [tomcat-shutdown] INFO  : Graceful shutdown complete
2025-09-04 16:07:18 [restartedMain] INFO  : Starting LogApplication using Java 17.0.16 with PID 20940 (C:\Users\1515\Downloads\Log\Log\target\classes started by 1515 in C:\Users\1515\Downloads\Log\Log)
2025-09-04 16:07:18 [restartedMain] INFO  : No active profile set, falling back to 1 default profile: "default"
2025-09-04 16:07:18 [restartedMain] INFO  : Devtools property defaults active! Set 'spring.devtools.add-properties' to 'false' to disable
2025-09-04 16:07:18 [restartedMain] INFO  : For additional web related logging consider setting the 'logging.level.web' property to 'DEBUG'
2025-09-04 16:07:19 [restartedMain] INFO  : Tomcat initialized with port 7778 (http)
2025-09-04 16:07:19 [restartedMain] INFO  : Initializing ProtocolHandler ["http-nio-7778"]
2025-09-04 16:07:19 [restartedMain] INFO  : Starting service [Tomcat]
2025-09-04 16:07:19 [restartedMain] INFO  : Starting Servlet engine: [Apache Tomcat/10.1.44]
2025-09-04 16:07:20 [restartedMain] INFO  : Initializing Spring embedded WebApplicationContext
2025-09-04 16:07:20 [restartedMain] INFO  : Root WebApplicationContext: initialization completed in 1474 ms
2025-09-04 16:07:20 [restartedMain] INFO  : Supporting [WS-Addressing August 2004, WS-Addressing 1.0]
2025-09-04 16:07:20 [restartedMain] WARN  : Unable to start LiveReload server
2025-09-04 16:07:20 [restartedMain] INFO  : Starting ProtocolHandler ["http-nio-7778"]
2025-09-04 16:07:20 [restartedMain] INFO  : Tomcat started on port 7778 (http) with context path '/'
2025-09-04 16:07:20 [restartedMain] INFO  : Started LogApplication in 2.813 seconds (process running for 4.441)
2025-09-04 16:08:03 [http-nio-7778-exec-1] INFO  : Initializing Spring DispatcherServlet 'dispatcherServlet'
2025-09-04 16:08:03 [http-nio-7778-exec-1] INFO  : Initializing Servlet 'dispatcherServlet'
2025-09-04 16:08:03 [http-nio-7778-exec-1] INFO  : Completed initialization in 16 ms
2025-09-04 16:33:26 [SpringApplicationShutdownHook] INFO  : Commencing graceful shutdown. Waiting for active requests to complete
2025-09-04 16:33:27 [tomcat-shutdown] INFO  : Graceful shutdown complete
2025-09-04 16:33:30 [restartedMain] INFO  : Starting LogApplication using Java 17.0.16 with PID 27012 (C:\Users\1515\Downloads\Log\Log\target\classes started by 1515 in C:\Users\1515\Downloads\Log\Log)
2025-09-04 16:33:30 [restartedMain] INFO  : No active profile set, falling back to 1 default profile: "default"
2025-09-04 16:33:30 [restartedMain] INFO  : Devtools property defaults active! Set 'spring.devtools.add-properties' to 'false' to disable
2025-09-04 16:33:30 [restartedMain] INFO  : For additional web related logging consider setting the 'logging.level.web' property to 'DEBUG'
2025-09-04 16:33:32 [restartedMain] INFO  : Tomcat initialized with port 7778 (http)
2025-09-04 16:33:32 [restartedMain] INFO  : Initializing ProtocolHandler ["http-nio-7778"]
2025-09-04 16:33:32 [restartedMain] INFO  : Starting service [Tomcat]
2025-09-04 16:33:32 [restartedMain] INFO  : Starting Servlet engine: [Apache Tomcat/10.1.44]
2025-09-04 16:33:32 [restartedMain] INFO  : Initializing Spring embedded WebApplicationContext
2025-09-04 16:33:32 [restartedMain] INFO  : Root WebApplicationContext: initialization completed in 1338 ms
2025-09-04 16:33:32 [restartedMain] INFO  : Supporting [WS-Addressing August 2004, WS-Addressing 1.0]
2025-09-04 16:33:32 [restartedMain] WARN  : Unable to start LiveReload server
2025-09-04 16:33:32 [restartedMain] INFO  : Starting ProtocolHandler ["http-nio-7778"]
2025-09-04 16:33:32 [restartedMain] INFO  : Tomcat started on port 7778 (http) with context path '/'
2025-09-04 16:33:32 [restartedMain] INFO  : Started LogApplication in 2.632 seconds (process running for 3.946)
2025-09-04 16:33:38 [http-nio-7778-exec-1] INFO  : Initializing Spring DispatcherServlet 'dispatcherServlet'
2025-09-04 16:33:38 [http-nio-7778-exec-1] INFO  : Initializing Servlet 'dispatcherServlet'
2025-09-04 16:33:38 [http-nio-7778-exec-1] INFO  : Completed initialization in 1 ms
2025-09-04 18:34:09 [SpringApplicationShutdownHook] INFO  : Commencing graceful shutdown. Waiting for active requests to complete
2025-09-04 18:34:09 [tomcat-shutdown] INFO  : Graceful shutdown complete
