2025-09-04T15:55:39.493+05:30  INFO 15196 --- [Log] [restartedMain] com.example.Log.LogApplication           : Starting LogApplication using Java 17.0.16 with PID 15196 (C:\Users\1515\Downloads\Log\Log\target\classes started by 1515 in C:\Users\1515\Downloads\Log\Log)
2025-09-04T15:55:39.496+05:30  INFO 15196 --- [Log] [restartedMain] com.example.Log.LogApplication           : No active profile set, falling back to 1 default profile: "default"
2025-09-04T15:55:39.559+05:30  INFO 15196 --- [Log] [restartedMain] .e.DevToolsPropertyDefaultsPostProcessor : Devtools property defaults active! Set 'spring.devtools.add-properties' to 'false' to disable
2025-09-04T15:55:39.559+05:30  INFO 15196 --- [Log] [restartedMain] .e.DevToolsPropertyDefaultsPostProcessor : For additional web related logging consider setting the 'logging.level.web' property to 'DEBUG'
2025-09-04T15:55:40.637+05:30  INFO 15196 --- [Log] [restartedMain] o.s.b.w.embedded.tomcat.TomcatWebServer  : Tomcat initialized with port 7778 (http)
2025-09-04T15:55:40.650+05:30  INFO 15196 --- [Log] [restartedMain] o.apache.catalina.core.StandardService   : Starting service [Tomcat]
2025-09-04T15:55:40.651+05:30  INFO 15196 --- [Log] [restartedMain] o.apache.catalina.core.StandardEngine    : Starting Servlet engine: [Apache Tomcat/10.1.44]
2025-09-04T15:55:40.697+05:30  INFO 15196 --- [Log] [restartedMain] o.a.c.c.C.[Tomcat].[localhost].[/]       : Initializing Spring embedded WebApplicationContext
2025-09-04T15:55:40.697+05:30  INFO 15196 --- [Log] [restartedMain] w.s.c.ServletWebServerApplicationContext : Root WebApplicationContext: initialization completed in 1137 ms
2025-09-04T15:55:41.085+05:30  INFO 15196 --- [Log] [restartedMain] .w.s.a.s.AnnotationActionEndpointMapping : Supporting [WS-Addressing August 2004, WS-Addressing 1.0]
2025-09-04T15:55:41.126+05:30  WARN 15196 --- [Log] [restartedMain] o.s.b.d.a.OptionalLiveReloadServer       : Unable to start LiveReload server
2025-09-04T15:55:41.199+05:30  INFO 15196 --- [Log] [restartedMain] o.s.b.w.embedded.tomcat.TomcatWebServer  : Tomcat started on port 7778 (http) with context path '/'
2025-09-04T15:55:41.209+05:30  INFO 15196 --- [Log] [restartedMain] com.example.Log.LogApplication           : Started LogApplication in 2.242 seconds (process running for 2.727)
2025-09-04T15:56:25.819+05:30  INFO 15196 --- [Log] [http-nio-7778-exec-1] o.a.c.c.C.[Tomcat].[localhost].[/]       : Initializing Spring DispatcherServlet 'dispatcherServlet'
2025-09-04T15:56:25.819+05:30  INFO 15196 --- [Log] [http-nio-7778-exec-1] o.s.web.servlet.DispatcherServlet        : Initializing Servlet 'dispatcherServlet'
2025-09-04T15:56:25.819+05:30  INFO 15196 --- [Log] [http-nio-7778-exec-1] o.s.web.servlet.DispatcherServlet        : Completed initialization in 0 ms
2025-09-04T15:56:25.870+05:30  WARN 15196 --- [Log] [http-nio-7778-exec-1] com.example.Log.controller.MyLog         : From Warn
2025-09-04T15:56:25.870+05:30  INFO 15196 --- [Log] [http-nio-7778-exec-1] com.example.Log.controller.MyLog         : From info
2025-09-04T15:56:25.870+05:30 ERROR 15196 --- [Log] [http-nio-7778-exec-1] com.example.Log.controller.MyLog         : From error
2025-09-04T15:58:05.679+05:30  INFO 15196 --- [Log] [SpringApplicationShutdownHook] o.s.b.w.e.tomcat.GracefulShutdown        : Commencing graceful shutdown. Waiting for active requests to complete
2025-09-04T15:58:05.948+05:30  INFO 15196 --- [Log] [tomcat-shutdown] o.s.b.w.e.tomcat.GracefulShutdown        : Graceful shutdown complete
